<?xml version="1.0" encoding="UTF-8"?>
<testsuites name="URL(2)" time="8.984" tests="3" failures="0" errors="0">
   <testsuite name="URL(2)" tests="3" failures="0" errors="0" time="8.984" skipped="0" timestamp="12-02-2024T16:46:51" hostname="piawaitrisulo - 172.16.213.216" id="Test Suites/URL(2)">
      <properties>
         <property name="deviceName" value=""/>
         <property name="devicePlatform" value=""/>
         <property name="logFolder" value="/Users/jalu/git/API/Reports/20240212_164647/URL(2)/20240212_164647"/>
         <property name="logFiles" value="/Users/jalu/git/API/Reports/20240212_164647/URL(2)/20240212_164647/execution0.log"/>
         <property name="attachments" value=""/>
         <property name="hostName" value="piawaitrisulo - 172.16.213.216"/>
         <property name="hostAddress" value="172.16.213.216"/>
         <property name="os" value="Mac OS X 64bit"/>
         <property name="katalonVersion" value="9.3.0.212"/>
      </properties>
      <testcase name="Test Cases/URL(2)/URL(2)_POST" time="3.821" classname="Test Cases/URL(2)/URL(2)_POST" status="PASSED">
         <system-out><![CDATA[12-02-2024T16:46:51 - [TEST_CASE][PASSED] - Test Cases/URL(2)/URL(2)_POST: Test Cases/URL(2)/URL(2)_POST

12-02-2024T16:46:51 - [TEST_STEP][PASSED] - response = sendRequest(findTestObject("URL(2)/URL(2)_POST")): Send request successfully

12-02-2024T16:46:53 - [MESSAGE][INFO] - HAR: /Users/jalu/git/API/Reports/20240212_164647/URL(2)/20240212_164647/requests/main/0.har

12-02-2024T16:46:53 - [MESSAGE][PASSED] - Send request successfully

12-02-2024T16:46:53 - [TEST_STEP][PASSED] - verifyResponseStatusCode(response, 201): Verify response status code successfully

12-02-2024T16:46:53 - [MESSAGE][PASSED] - Verify response status code successfully

12-02-2024T16:46:55 - [TEST_STEP][PASSED] - Video: Video recording for test case 'Test Cases/URL(2)/URL(2)_POST' .

12-02-2024T16:46:55 - [MESSAGE][INFO] - Video recording for test case 'Test Cases/URL(2)/URL(2)_POST' .]]></system-out>
         <system-err><![CDATA[]]></system-err>
      </testcase>
      <testcase name="Test Cases/URL(2)/URL(2)_Get" time="2.183" classname="Test Cases/URL(2)/URL(2)_Get" status="PASSED">
         <system-out><![CDATA[12-02-2024T16:46:55 - [TEST_CASE][PASSED] - Test Cases/URL(2)/URL(2)_Get: Test Cases/URL(2)/URL(2)_Get

12-02-2024T16:46:55 - [TEST_STEP][PASSED] - response = sendRequest(findTestObject("URL(2)/URL(2)_Get")): Send request successfully

12-02-2024T16:46:55 - [MESSAGE][INFO] - HAR: /Users/jalu/git/API/Reports/20240212_164647/URL(2)/20240212_164647/requests/main/1.har

12-02-2024T16:46:55 - [MESSAGE][PASSED] - Send request successfully

12-02-2024T16:46:55 - [TEST_STEP][PASSED] - verifyResponseStatusCode(response, 200): Verify response status code successfully

12-02-2024T16:46:55 - [MESSAGE][PASSED] - Verify response status code successfully

12-02-2024T16:46:57 - [TEST_STEP][PASSED] - Video: Video recording for test case 'Test Cases/URL(2)/URL(2)_Get' .

12-02-2024T16:46:57 - [MESSAGE][INFO] - Video recording for test case 'Test Cases/URL(2)/URL(2)_Get' .]]></system-out>
         <system-err><![CDATA[]]></system-err>
      </testcase>
      <testcase name="Test Cases/URL(2)/URL(2)_DELETE" time="2.916" classname="Test Cases/URL(2)/URL(2)_DELETE" status="PASSED">
         <system-out><![CDATA[12-02-2024T16:46:57 - [TEST_CASE][PASSED] - Test Cases/URL(2)/URL(2)_DELETE: Test Cases/URL(2)/URL(2)_DELETE

12-02-2024T16:46:57 - [TEST_STEP][PASSED] - response = sendRequest(findTestObject("URL(2)/URL(2)_DELETE")): Send request successfully

12-02-2024T16:46:58 - [MESSAGE][INFO] - HAR: /Users/jalu/git/API/Reports/20240212_164647/URL(2)/20240212_164647/requests/main/2.har

12-02-2024T16:46:58 - [MESSAGE][PASSED] - Send request successfully

12-02-2024T16:46:58 - [TEST_STEP][PASSED] - verifyResponseStatusCode(response, 200): Verify response status code successfully

12-02-2024T16:46:58 - [MESSAGE][PASSED] - Verify response status code successfully

12-02-2024T16:47:00 - [TEST_STEP][PASSED] - Video: Video recording for test case 'Test Cases/URL(2)/URL(2)_DELETE' .

12-02-2024T16:47:00 - [MESSAGE][INFO] - Video recording for test case 'Test Cases/URL(2)/URL(2)_DELETE' .]]></system-out>
         <system-err><![CDATA[]]></system-err>
      </testcase>
      <system-out><![CDATA[12-02-2024T16:46:51 - [TEST_SUITE][PASSED] - URL(2): Test Cases/URL(2)/URL(2)_DELETE]]></system-out>
      <system-err><![CDATA[]]></system-err>
   </testsuite>
</testsuites>
